{
 "datetime": "2017-02-13 20:41:20.570",
 "level": "[34mTRACE[39m",
 "message": "[2mresolver.js > [22mBoot-strapping the Markserv service for: [34m[4m/Users/al/ms/markserv-cli/Markconf.js[24m[39m.",
},
{
 "datetime": "2017-02-13 20:41:20.575",
 "level": "[34mTRACE[39m",
 "message": "[2mresolver.js > [22m[33mImport[39m > Markconf.js [34m[4m/Users/al/ms/markserv-cli/Markconf.js[24m[39m imports [34m[4m/Users/al/ms/markserv-cli/node_modules/markserv-contrib-app.github/Markconf.js[24m[39m.",
},
{
 "datetime": "2017-02-13 20:41:20.575",
 "level": "[34mTRACE[39m",
 "message": "[2mresolver.js > [22mInitializing sub-service for [33mIMPORT[39m: [34m[4m/Users/al/ms/markserv-cli/node_modules/markserv-contrib-app.github/Markconf.js[24m[39m.",
},
{
 "datetime": "2017-02-13 20:41:20.578",
 "level": "[34mTRACE[39m",
 "message": "[2mresolver.js > [22mBoot-strapping the Markserv service for: [34m[4m/Users/al/ms/markserv-cli/node_modules/markserv-contrib-app.github/Markconf.js[24m[39m.",
},
{
 "datetime": "2017-02-13 20:41:20.578",
 "level": "[34mTRACE[39m",
 "message": "[2mresolver.js > [22mResolving plugins for Markconf [34m[4m/Users/al/ms/markserv-cli/node_modules/markserv-contrib-app.github/Markconf.js[24m[39m.",
},
{
 "datetime": "2017-02-13 20:41:20.579",
 "level": "[34mTRACE[39m",
 "message": "[2mresolver.js > [22mResolving [33mincluder[39m plugins....",
},
{
 "datetime": "2017-02-13 20:41:20.580",
 "level": "[34mTRACE[39m",
 "message": "[2mresolver.js > [22mFound plugin for: [33mhtml[39m",
},
{
 "datetime": "2017-02-13 20:41:20.581",
 "level": "[34mTRACE[39m",
 "message": "[2mresolver.js > [22m⇠  includer [31mSTRING[39m [33mmarkserv-contrib-inc.html[39m.",
},
{
 "datetime": "2017-02-13 20:41:20.581",
 "level": "[34mTRACE[39m",
 "message": "[2mresolver.js > [22mModule: [34m[4mmarkserv-contrib-inc.html[24m[39m loaded.",
},
{
 "datetime": "2017-02-13 20:41:20.582",
 "level": "[34mTRACE[39m",
 "message": "[2mresolver.js > [22mRegistering [34m[4mincluder[24m[39m plugin: [34m[4mmarkserv-contrib-inc.html[24m[39m.",
},
{
 "datetime": "2017-02-13 20:41:20.583",
 "level": "[34mTRACE[39m",
 "message": "[2mincluder.js > [22mInitialzing includer: [34m[4m/Users/al/ms/markserv-cli/node_modules/markserv-contrib-inc.html/lib[24m[39m.",
},
{
 "datetime": "2017-02-13 20:41:20.583",
 "level": "[34mTRACE[39m",
 "message": "[2mresolver.js > [22mFound plugin for: [33mless[39m",
},
{
 "datetime": "2017-02-13 20:41:20.584",
 "level": "[34mTRACE[39m",
 "message": "[2mresolver.js > [22m⇠  includer [31mSTRING[39m [33mmarkserv-contrib-inc.less[39m.",
},
{
 "datetime": "2017-02-13 20:41:20.642",
 "level": "[34mTRACE[39m",
 "message": "[2mresolver.js > [22mModule: [34m[4mmarkserv-contrib-inc.less[24m[39m loaded.",
},
{
 "datetime": "2017-02-13 20:41:20.643",
 "level": "[34mTRACE[39m",
 "message": "[2mresolver.js > [22mRegistering [34m[4mincluder[24m[39m plugin: [34m[4mmarkserv-contrib-inc.less[24m[39m.",
},
{
 "datetime": "2017-02-13 20:41:20.644",
 "level": "[34mTRACE[39m",
 "message": "[2mincluder.js > [22mInitialzing includer: [34m[4m/Users/al/ms/markserv-cli/node_modules/markserv-contrib-inc.less/lib[24m[39m.",
},
{
 "datetime": "2017-02-13 20:41:20.644",
 "level": "[34mTRACE[39m",
 "message": "[2mresolver.js > [22mFound plugin for: [33mmarkdown[39m",
},
{
 "datetime": "2017-02-13 20:41:20.644",
 "level": "[34mTRACE[39m",
 "message": "[2mresolver.js > [22m⇠  includer [31mSTRING[39m [33mmarkserv-contrib-inc.markdown[39m.",
},
{
 "datetime": "2017-02-13 20:41:20.652",
 "level": "[34mTRACE[39m",
 "message": "[2mresolver.js > [22mModule: [34m[4mmarkserv-contrib-inc.markdown[24m[39m loaded.",
},
{
 "datetime": "2017-02-13 20:41:20.652",
 "level": "[34mTRACE[39m",
 "message": "[2mresolver.js > [22mRegistering [34m[4mincluder[24m[39m plugin: [34m[4mmarkserv-contrib-inc.markdown[24m[39m.",
},
{
 "datetime": "2017-02-13 20:41:20.652",
 "level": "[34mTRACE[39m",
 "message": "[2mincluder.js > [22mInitialzing includer: [34m[4m/Users/al/ms/markserv-cli/node_modules/markserv-contrib-inc.markdown/lib[24m[39m.",
},
{
 "datetime": "2017-02-13 20:41:20.656",
 "level": "[34mTRACE[39m",
 "message": "[2mresolver.js > [22mAll [33mincluder[39m plugins resolved.",
},
{
 "datetime": "2017-02-13 20:41:20.656",
 "level": "[34mTRACE[39m",
 "message": "[2mresolver.js > [22mAdding [33mmarkserv-contrib-inc.html[39m plugin for pattern: [33mhtml[39m to Markserv service.",
},
{
 "datetime": "2017-02-13 20:41:20.657",
 "level": "[34mTRACE[39m",
 "message": "[2mresolver.js > [22mAdding [33mmarkserv-contrib-inc.less[39m plugin for pattern: [33mless[39m to Markserv service.",
},
{
 "datetime": "2017-02-13 20:41:20.657",
 "level": "[34mTRACE[39m",
 "message": "[2mresolver.js > [22mAdding [33mmarkserv-contrib-inc.markdown[39m plugin for pattern: [33mmarkdown[39m to Markserv service.",
},
{
 "datetime": "2017-02-13 20:41:20.657",
 "level": "[34mTRACE[39m",
 "message": "[2mresolver.js > [22mResolved [33mincluder[39m plugins for Markconf [34m[4m/Users/al/ms/markserv-cli/node_modules/markserv-contrib-app.github/Markconf.js[24m[39m.",
},
{
 "datetime": "2017-02-13 20:41:20.658",
 "level": "[34mTRACE[39m",
 "message": "[2mresolver.js > [22mResolving [33mmodifier[39m plugins....",
},
{
 "datetime": "2017-02-13 20:41:20.659",
 "level": "[34mTRACE[39m",
 "message": "[2mresolver.js > [22mFound plugin for: [33m404[39m",
},
{
 "datetime": "2017-02-13 20:41:20.659",
 "level": "[34mTRACE[39m",
 "message": "[2mresolver.js > [22m⇠  modifier [31mSTRING[39m [33mmarkserv-contrib-mod.http-404[39m.",
},
{
 "datetime": "2017-02-13 20:41:20.660",
 "level": "[34mTRACE[39m",
 "message": "[2mresolver.js > [22mModule: [34m[4mmarkserv-contrib-mod.http-404[24m[39m loaded.",
},
{
 "datetime": "2017-02-13 20:41:20.660",
 "level": "[34mTRACE[39m",
 "message": "[2mresolver.js > [22mRegistering [34m[4mmodifier[24m[39m plugin: [34m[4mmarkserv-contrib-mod.http-404[24m[39m.",
},
{
 "datetime": "2017-02-13 20:41:20.661",
 "level": "[34mTRACE[39m",
 "message": "[2mmodifier.js > [22mInitializing modifier: [34m[4m404[24m[39m.",
},
{
 "datetime": "2017-02-13 20:41:20.661",
 "level": "[34mTRACE[39m",
 "message": "[2mmodifier.js > [22mInitializing modifier: [34m[4m404[24m[39m.",
},
{
 "datetime": "2017-02-13 20:41:20.662",
 "level": "[34mTRACE[39m",
 "message": "[2mresolver.js > [22mFound plugin for: [33m**/[39m",
},
{
 "datetime": "2017-02-13 20:41:20.662",
 "level": "[34mTRACE[39m",
 "message": "[2mresolver.js > [22m⇠  modifier [31mOBJECT[39m [33m**/[39m.",
},
{
 "datetime": "2017-02-13 20:41:20.663",
 "level": "[34mTRACE[39m",
 "message": "[2mresolver.js > [22m⇠  modifier [31mSTRING[39m [33mmarkserv-contrib-mod.dir[39m.",
},
{
 "datetime": "2017-02-13 20:41:20.664",
 "level": "[34mTRACE[39m",
 "message": "[2mresolver.js > [22mModule: [34m[4mmarkserv-contrib-mod.dir[24m[39m loaded.",
},
{
 "datetime": "2017-02-13 20:41:20.665",
 "level": "[34mTRACE[39m",
 "message": "[2mresolver.js > [22mRegistering [34m[4mmodifier[24m[39m plugin: [34m[4mmarkserv-contrib-mod.dir[24m[39m.",
},
{
 "datetime": "2017-02-13 20:41:20.665",
 "level": "[34mTRACE[39m",
 "message": "[2mmodifier.js > [22mInitializing modifier: [34m[4m**/[24m[39m.",
},
{
 "datetime": "2017-02-13 20:41:20.666",
 "level": "[34mTRACE[39m",
 "message": "[2mmodifier.js > [22mSetting [33mMarkconf[39m templateUrl: [34m[4m/Users/al/ms/markserv-cli/node_modules/markserv-contrib-mod.dir/lib[24m[39m for modifier: [34m[4m/Users/al/ms/markserv-cli/node_modules/markserv-contrib-mod.dir/lib[24m[39m [33m**/[39m.",
},
{
 "datetime": "2017-02-13 20:41:20.666",
 "level": "[34mTRACE[39m",
 "message": "[2mresolver.js > [22mFound plugin for: [33m**/*.md[39m",
},
{
 "datetime": "2017-02-13 20:41:20.666",
 "level": "[34mTRACE[39m",
 "message": "[2mresolver.js > [22m⇠  modifier [31mOBJECT[39m [33m**/*.md[39m.",
},
{
 "datetime": "2017-02-13 20:41:20.667",
 "level": "[34mTRACE[39m",
 "message": "[2mresolver.js > [22m⇠  modifier [31mSTRING[39m [33mmarkserv-contrib-mod.markdown[39m.",
},
{
 "datetime": "2017-02-13 20:41:20.668",
 "level": "[34mTRACE[39m",
 "message": "[2mresolver.js > [22mModule: [34m[4mmarkserv-contrib-mod.markdown[24m[39m loaded.",
},
{
 "datetime": "2017-02-13 20:41:20.668",
 "level": "[34mTRACE[39m",
 "message": "[2mresolver.js > [22mRegistering [34m[4mmodifier[24m[39m plugin: [34m[4mmarkserv-contrib-mod.markdown[24m[39m.",
},
{
 "datetime": "2017-02-13 20:41:20.669",
 "level": "[34mTRACE[39m",
 "message": "[2mmodifier.js > [22mInitializing modifier: [34m[4m**/*.md[24m[39m.",
},
{
 "datetime": "2017-02-13 20:41:20.669",
 "level": "[34mTRACE[39m",
 "message": "[2mmodifier.js > [22mSetting [33mMarkconf[39m templateUrl: [34m[4m/Users/al/ms/markserv-cli/node_modules/markserv-contrib-mod.markdown/lib[24m[39m for modifier: [34m[4m/Users/al/ms/markserv-cli/node_modules/markserv-contrib-mod.markdown/lib[24m[39m [33m**/*.md[39m.",
},
{
 "datetime": "2017-02-13 20:41:20.670",
 "level": "[34mTRACE[39m",
 "message": "[2mresolver.js > [22mFound plugin for: [33m**/*[39m",
},
{
 "datetime": "2017-02-13 20:41:20.670",
 "level": "[34mTRACE[39m",
 "message": "[2mresolver.js > [22m⇠  modifier [31mSTRING[39m [33mmarkserv-contrib-mod.file[39m.",
},
{
 "datetime": "2017-02-13 20:41:20.689",
 "level": "[34mTRACE[39m",
 "message": "[2mresolver.js > [22mModule: [34m[4mmarkserv-contrib-mod.file[24m[39m loaded.",
},
{
 "datetime": "2017-02-13 20:41:20.689",
 "level": "[34mTRACE[39m",
 "message": "[2mresolver.js > [22mRegistering [34m[4mmodifier[24m[39m plugin: [34m[4mmarkserv-contrib-mod.file[24m[39m.",
},
{
 "datetime": "2017-02-13 20:41:20.690",
 "level": "[34mTRACE[39m",
 "message": "[2mmodifier.js > [22mInitializing modifier: [34m[4m**/*[24m[39m.",
},
{
 "datetime": "2017-02-13 20:41:20.690",
 "level": "[34mTRACE[39m",
 "message": "[2mmodifier.js > [22mInitializing modifier: [34m[4m**/*[24m[39m.",
},
{
 "datetime": "2017-02-13 20:41:20.691",
 "level": "[34mTRACE[39m",
 "message": "[2mresolver.js > [22mAll [33mmodifier[39m plugins resolved.",
},
{
 "datetime": "2017-02-13 20:41:20.691",
 "level": "[34mTRACE[39m",
 "message": "[2mresolver.js > [22mAdding [33mmarkserv-contrib-mod.http-404[39m plugin for pattern: [33m404[39m to Markserv service.",
},
{
 "datetime": "2017-02-13 20:41:20.696",
 "level": "[34mTRACE[39m",
 "message": "[2mresolver.js > [22mAdding [33mmarkserv-contrib-mod.dir[39m plugin for pattern: [33m**/[39m to Markserv service.",
},
{
 "datetime": "2017-02-13 20:41:20.697",
 "level": "[34mTRACE[39m",
 "message": "[2mresolver.js > [22mAdding [33mmarkserv-contrib-mod.markdown[39m plugin for pattern: [33m**/*.md[39m to Markserv service.",
},
{
 "datetime": "2017-02-13 20:41:20.697",
 "level": "[34mTRACE[39m",
 "message": "[2mresolver.js > [22mAdding [33mmarkserv-contrib-mod.file[39m plugin for pattern: [33m**/*[39m to Markserv service.",
},
{
 "datetime": "2017-02-13 20:41:20.697",
 "level": "[34mTRACE[39m",
 "message": "[2mresolver.js > [22mResolved [33mmodifier[39m plugins for Markconf [34m[4m/Users/al/ms/markserv-cli/node_modules/markserv-contrib-app.github/Markconf.js[24m[39m.",
},
{
 "datetime": "2017-02-13 20:41:20.698",
 "level": "[34mTRACE[39m",
 "message": "[2mresolver.js > [22mPlugins resolved for [34m[4m/Users/al/ms/markserv-cli/node_modules/markserv-contrib-app.github/Markconf.js[24m[39m.",
},
{
 "datetime": "2017-02-13 20:41:20.699",
 "level": "[34mTRACE[39m",
 "message": "[2mservice.js > [22mStarting The Markserv Service.",
},
{
 "datetime": "2017-02-13 20:41:20.700",
 "level": "[34mTRACE[39m",
 "message": "[2mservice.js > [22mMarkserv is configuring plugins....",
},
{
 "datetime": "2017-02-13 20:41:20.701",
 "level": "[34mTRACE[39m",
 "message": "[2mservice.js > [22mConfiguring plugin: [33mhtml[39m",
},
{
 "datetime": "2017-02-13 20:41:20.701",
 "level": "[34mTRACE[39m",
 "message": "[2mincluder.js > [22mConfiguring includer [33mhtml[39m.",
},
{
 "datetime": "2017-02-13 20:41:20.702",
 "level": "[34mTRACE[39m",
 "message": "[2mservice.js > [22mConfiguring plugin: [33mless[39m",
},
{
 "datetime": "2017-02-13 20:41:20.702",
 "level": "[34mTRACE[39m",
 "message": "[2mincluder.js > [22mConfiguring includer [33mless[39m.",
},
{
 "datetime": "2017-02-13 20:41:20.703",
 "level": "[34mTRACE[39m",
 "message": "[2mservice.js > [22mConfiguring plugin: [33mmarkdown[39m",
},
{
 "datetime": "2017-02-13 20:41:20.703",
 "level": "[34mTRACE[39m",
 "message": "[2mincluder.js > [22mConfiguring includer [33mmarkdown[39m.",
},
{
 "datetime": "2017-02-13 20:41:20.704",
 "level": "[34mTRACE[39m",
 "message": "[2mservice.js > [22mMarkserv is configuring plugins....",
},
{
 "datetime": "2017-02-13 20:41:20.704",
 "level": "[34mTRACE[39m",
 "message": "[2mservice.js > [22mConfiguring plugin: [33m404[39m",
},
{
 "datetime": "2017-02-13 20:41:20.705",
 "level": "[34mTRACE[39m",
 "message": "[2mmodifier.js > [22mConfiguring modifier: [33m404[39m.",
},
{
 "datetime": "2017-02-13 20:41:20.706",
 "level": "[34mTRACE[39m",
 "message": "[2mmodifier.js > [22mLoading [33mpluginTemplate[39m template: [34m[4m/Users/al/ms/markserv-cli/node_modules/markserv-contrib-mod.http-404/lib/mod.http-404.html[24m[39m for modifier: [34m[4m/Users/al/ms/markserv-cli/node_modules/markserv-contrib-mod.http-404/lib[24m[39m [33m404[39m.",
},
{
 "datetime": "2017-02-13 20:41:20.706",
 "level": "[34mTRACE[39m",
 "message": "[2mcompiler.js > [22mCompiling template from HTML file: [34m[4m/Users/al/ms/markserv-cli/node_modules/markserv-contrib-mod.http-404/lib/mod.http-404.html[24m[39m",
},
{
 "datetime": "2017-02-13 20:41:20.707",
 "level": "[34mTRACE[39m",
 "message": "[2mfs.js > [22m[33mreadfile[39m helper reading file: [34m[4m/Users/al/ms/markserv-cli/node_modules/markserv-contrib-mod.http-404/lib/mod.http-404.html[24m[39m.",
},
{
 "datetime": "2017-02-13 20:41:20.707",
 "level": "[34mTRACE[39m",
 "message": "[2mservice.js > [22mConfiguring plugin: [33m**/[39m",
},
{
 "datetime": "2017-02-13 20:41:20.708",
 "level": "[34mTRACE[39m",
 "message": "[2mmodifier.js > [22mConfiguring modifier: [33m**/[39m.",
},
{
 "datetime": "2017-02-13 20:41:20.708",
 "level": "[34mTRACE[39m",
 "message": "[2mmodifier.js > [22mLoading [33mpluginTemplate[39m template: [34m[4m/Users/al/ms/markserv-cli/node_modules/markserv-contrib-mod.dir/lib/mod.dir.html[24m[39m for modifier: [34m[4m/Users/al/ms/markserv-cli/node_modules/markserv-contrib-mod.dir/lib[24m[39m [33m**/[39m.",
},
{
 "datetime": "2017-02-13 20:41:20.709",
 "level": "[34mTRACE[39m",
 "message": "[2mcompiler.js > [22mCompiling template from HTML file: [34m[4m/Users/al/ms/markserv-cli/node_modules/markserv-contrib-mod.dir/lib/mod.dir.html[24m[39m",
},
{
 "datetime": "2017-02-13 20:41:20.709",
 "level": "[34mTRACE[39m",
 "message": "[2mfs.js > [22m[33mreadfile[39m helper reading file: [34m[4m/Users/al/ms/markserv-cli/node_modules/markserv-contrib-mod.dir/lib/mod.dir.html[24m[39m.",
},
{
 "datetime": "2017-02-13 20:41:20.709",
 "level": "[34mTRACE[39m",
 "message": "[2mservice.js > [22mConfiguring plugin: [33m**/*.md[39m",
},
{
 "datetime": "2017-02-13 20:41:20.709",
 "level": "[34mTRACE[39m",
 "message": "[2mmodifier.js > [22mConfiguring modifier: [33m**/*.md[39m.",
},
{
 "datetime": "2017-02-13 20:41:20.710",
 "level": "[34mTRACE[39m",
 "message": "[2mmodifier.js > [22mLoading [33mpluginTemplate[39m template: [34m[4m/Users/al/ms/markserv-cli/node_modules/markserv-contrib-mod.markdown/lib/mod.markdown.html[24m[39m for modifier: [34m[4m/Users/al/ms/markserv-cli/node_modules/markserv-contrib-mod.markdown/lib[24m[39m [33m**/*.md[39m.",
},
{
 "datetime": "2017-02-13 20:41:20.710",
 "level": "[34mTRACE[39m",
 "message": "[2mcompiler.js > [22mCompiling template from HTML file: [34m[4m/Users/al/ms/markserv-cli/node_modules/markserv-contrib-mod.markdown/lib/mod.markdown.html[24m[39m",
},
{
 "datetime": "2017-02-13 20:41:20.710",
 "level": "[34mTRACE[39m",
 "message": "[2mfs.js > [22m[33mreadfile[39m helper reading file: [34m[4m/Users/al/ms/markserv-cli/node_modules/markserv-contrib-mod.markdown/lib/mod.markdown.html[24m[39m.",
},
{
 "datetime": "2017-02-13 20:41:20.711",
 "level": "[34mTRACE[39m",
 "message": "[2mservice.js > [22mConfiguring plugin: [33m**/*[39m",
},
{
 "datetime": "2017-02-13 20:41:20.711",
 "level": "[34mTRACE[39m",
 "message": "[2mmodifier.js > [22mConfiguring modifier: [33m**/*[39m.",
},
{
 "datetime": "2017-02-13 20:41:20.711",
 "level": "[34mTRACE[39m",
 "message": "[2mmodifier.js > [22mInitializing plugin: [34m[4m/Users/al/ms/markserv-cli/node_modules/markserv-contrib-mod.file/lib[24m[39m [33m**/*[39m.",
},
{
 "datetime": "2017-02-13 20:41:20.718",
 "level": "[34mTRACE[39m",
 "message": "[2mfs.js > [22m[33mreadfile[39m helper sucessfully read file: [34m[4m/Users/al/ms/markserv-cli/node_modules/markserv-contrib-mod.http-404/lib/mod.http-404.html[24m[39m.",
},
{
 "datetime": "2017-02-13 20:41:20.718",
 "level": "[34mTRACE[39m",
 "message": "[2mfs.js > [22m[33mreadfile[39m helper sucessfully read file: [34m[4m/Users/al/ms/markserv-cli/node_modules/markserv-contrib-mod.dir/lib/mod.dir.html[24m[39m.",
},
{
 "datetime": "2017-02-13 20:41:20.719",
 "level": "[34mTRACE[39m",
 "message": "[2mfs.js > [22m[33mreadfile[39m helper sucessfully read file: [34m[4m/Users/al/ms/markserv-cli/node_modules/markserv-contrib-mod.markdown/lib/mod.markdown.html[24m[39m.",
},
{
 "datetime": "2017-02-13 20:41:20.728",
 "level": "[34mTRACE[39m",
 "message": "[2mmodifier.js > [22m[33mpluginTemplate[39m [34m[4m/Users/al/ms/markserv-cli/node_modules/markserv-contrib-mod.markdown/lib/mod.markdown.html[24m[39m compiled for [33mmarkserv-contrib-mod.markdown[39m",
},
{
 "datetime": "2017-02-13 20:41:20.728",
 "level": "[34mTRACE[39m",
 "message": "[2mmodifier.js > [22m[33mpluginTemplate[39m [34m[4m/Users/al/ms/markserv-cli/node_modules/markserv-contrib-mod.http-404/lib/mod.http-404.html[24m[39m compiled for [33mmarkserv-contrib-mod.http-404[39m",
},
{
 "datetime": "2017-02-13 20:41:20.728",
 "level": "[34mTRACE[39m",
 "message": "[2mmodifier.js > [22mLoading [33mconfigTemplate[39m template: [34m[4m/Users/al/ms/markserv-cli/node_modules/markserv-contrib-app.github/partials/index.html[24m[39m for modifier: [34m[4m/Users/al/ms/markserv-cli/node_modules/markserv-contrib-mod.markdown/lib[24m[39m [33m**/*.md[39m.",
},
{
 "datetime": "2017-02-13 20:41:20.729",
 "level": "[34mTRACE[39m",
 "message": "[2mcompiler.js > [22mCompiling template from HTML file: [34m[4m/Users/al/ms/markserv-cli/node_modules/markserv-contrib-app.github/partials/index.html[24m[39m",
},
{
 "datetime": "2017-02-13 20:41:20.729",
 "level": "[34mTRACE[39m",
 "message": "[2mfs.js > [22m[33mreadfile[39m helper reading file: [34m[4m/Users/al/ms/markserv-cli/node_modules/markserv-contrib-app.github/partials/index.html[24m[39m.",
},
{
 "datetime": "2017-02-13 20:41:20.730",
 "level": "[34mTRACE[39m",
 "message": "[2mmodifier.js > [22mTemplate loaded for: [33m404[39m",
},
{
 "datetime": "2017-02-13 20:41:20.730",
 "level": "[34mTRACE[39m",
 "message": "[2mmodifier.js > [22mInitializing plugin: [34m[4m/Users/al/ms/markserv-cli/node_modules/markserv-contrib-mod.http-404/lib[24m[39m [33m404[39m.",
},
{
 "datetime": "2017-02-13 20:41:20.731",
 "level": "[34mTRACE[39m",
 "message": "[2mmodifier.js > [22m[33mpluginTemplate[39m [34m[4m/Users/al/ms/markserv-cli/node_modules/markserv-contrib-mod.dir/lib/mod.dir.html[24m[39m compiled for [33mmarkserv-contrib-mod.dir[39m",
},
{
 "datetime": "2017-02-13 20:41:20.731",
 "level": "[34mTRACE[39m",
 "message": "[2mmodifier.js > [22mLoading [33mconfigTemplate[39m template: [34m[4m/Users/al/ms/markserv-cli/node_modules/markserv-contrib-app.github/partials/index.html[24m[39m for modifier: [34m[4m/Users/al/ms/markserv-cli/node_modules/markserv-contrib-mod.dir/lib[24m[39m [33m**/[39m.",
},
{
 "datetime": "2017-02-13 20:41:20.731",
 "level": "[34mTRACE[39m",
 "message": "[2mcompiler.js > [22mCompiling template from HTML file: [34m[4m/Users/al/ms/markserv-cli/node_modules/markserv-contrib-app.github/partials/index.html[24m[39m",
},
{
 "datetime": "2017-02-13 20:41:20.731",
 "level": "[34mTRACE[39m",
 "message": "[2mfs.js > [22m[33mreadfile[39m helper reading file: [34m[4m/Users/al/ms/markserv-cli/node_modules/markserv-contrib-app.github/partials/index.html[24m[39m.",
},
{
 "datetime": "2017-02-13 20:41:20.732",
 "level": "[34mTRACE[39m",
 "message": "[2mfs.js > [22m[33mreadfile[39m helper sucessfully read file: [34m[4m/Users/al/ms/markserv-cli/node_modules/markserv-contrib-app.github/partials/index.html[24m[39m.",
},
{
 "datetime": "2017-02-13 20:41:20.732",
 "level": "[34mTRACE[39m",
 "message": "[2mfs.js > [22m[33mreadfile[39m helper sucessfully read file: [34m[4m/Users/al/ms/markserv-cli/node_modules/markserv-contrib-app.github/partials/index.html[24m[39m.",
},
{
 "datetime": "2017-02-13 20:41:20.734",
 "level": "[34mTRACE[39m",
 "message": "[2mcompiler.js > [22mMarkserv includer found in [34m[4m/Users/al/ms/markserv-cli/node_modules/markserv-contrib-app.github/partials/index.html[24m[39m ...",
},
{
 "datetime": "2017-02-13 20:41:20.734",
 "level": "[34mTRACE[39m",
 "message": "[2mcompiler.js > [22m[33m<-- markserv|html|head.html -->[39m",
},
{
 "datetime": "2017-02-13 20:41:20.735",
 "level": "[34mTRACE[39m",
 "message": "[2mcompiler.js > [22mCompiling template from HTML file: [34m[4m/Users/al/ms/markserv-cli/node_modules/markserv-contrib-app.github/partials/head.html[24m[39m",
},
{
 "datetime": "2017-02-13 20:41:20.735",
 "level": "[34mTRACE[39m",
 "message": "[2mfs.js > [22m[33mreadfile[39m helper reading file: [34m[4m/Users/al/ms/markserv-cli/node_modules/markserv-contrib-app.github/partials/head.html[24m[39m.",
},
{
 "datetime": "2017-02-13 20:41:20.735",
 "level": "[34mTRACE[39m",
 "message": "[2mcompiler.js > [22mMarkserv includer found in [34m[4m/Users/al/ms/markserv-cli/node_modules/markserv-contrib-app.github/partials/index.html[24m[39m ...",
},
{
 "datetime": "2017-02-13 20:41:20.736",
 "level": "[34mTRACE[39m",
 "message": "[2mcompiler.js > [22m[33m<-- markserv|html|body.html -->[39m",
},
{
 "datetime": "2017-02-13 20:41:20.736",
 "level": "[34mTRACE[39m",
 "message": "[2mcompiler.js > [22mCompiling template from HTML file: [34m[4m/Users/al/ms/markserv-cli/node_modules/markserv-contrib-app.github/partials/body.html[24m[39m",
},
{
 "datetime": "2017-02-13 20:41:20.736",
 "level": "[34mTRACE[39m",
 "message": "[2mfs.js > [22m[33mreadfile[39m helper reading file: [34m[4m/Users/al/ms/markserv-cli/node_modules/markserv-contrib-app.github/partials/body.html[24m[39m.",
},
{
 "datetime": "2017-02-13 20:41:20.739",
 "level": "[34mTRACE[39m",
 "message": "[2mcompiler.js > [22mMarkserv includer found in [34m[4m/Users/al/ms/markserv-cli/node_modules/markserv-contrib-app.github/partials/index.html[24m[39m ...",
},
{
 "datetime": "2017-02-13 20:41:20.739",
 "level": "[34mTRACE[39m",
 "message": "[2mcompiler.js > [22m[33m<-- markserv|html|head.html -->[39m",
},
{
 "datetime": "2017-02-13 20:41:20.739",
 "level": "[34mTRACE[39m",
 "message": "[2mcompiler.js > [22mCompiling template from HTML file: [34m[4m/Users/al/ms/markserv-cli/node_modules/markserv-contrib-app.github/partials/head.html[24m[39m",
},
{
 "datetime": "2017-02-13 20:41:20.740",
 "level": "[34mTRACE[39m",
 "message": "[2mfs.js > [22m[33mreadfile[39m helper reading file: [34m[4m/Users/al/ms/markserv-cli/node_modules/markserv-contrib-app.github/partials/head.html[24m[39m.",
},
{
 "datetime": "2017-02-13 20:41:20.740",
 "level": "[34mTRACE[39m",
 "message": "[2mcompiler.js > [22mMarkserv includer found in [34m[4m/Users/al/ms/markserv-cli/node_modules/markserv-contrib-app.github/partials/index.html[24m[39m ...",
},
{
 "datetime": "2017-02-13 20:41:20.741",
 "level": "[34mTRACE[39m",
 "message": "[2mcompiler.js > [22m[33m<-- markserv|html|body.html -->[39m",
},
{
 "datetime": "2017-02-13 20:41:20.741",
 "level": "[34mTRACE[39m",
 "message": "[2mcompiler.js > [22mCompiling template from HTML file: [34m[4m/Users/al/ms/markserv-cli/node_modules/markserv-contrib-app.github/partials/body.html[24m[39m",
},
{
 "datetime": "2017-02-13 20:41:20.741",
 "level": "[34mTRACE[39m",
 "message": "[2mfs.js > [22m[33mreadfile[39m helper reading file: [34m[4m/Users/al/ms/markserv-cli/node_modules/markserv-contrib-app.github/partials/body.html[24m[39m.",
},
{
 "datetime": "2017-02-13 20:41:20.743",
 "level": "[34mTRACE[39m",
 "message": "[2mfs.js > [22m[33mreadfile[39m helper sucessfully read file: [34m[4m/Users/al/ms/markserv-cli/node_modules/markserv-contrib-app.github/partials/head.html[24m[39m.",
},
{
 "datetime": "2017-02-13 20:41:20.744",
 "level": "[34mTRACE[39m",
 "message": "[2mfs.js > [22m[33mreadfile[39m helper sucessfully read file: [34m[4m/Users/al/ms/markserv-cli/node_modules/markserv-contrib-app.github/partials/body.html[24m[39m.",
},
{
 "datetime": "2017-02-13 20:41:20.752",
 "level": "[34mTRACE[39m",
 "message": "[2mcompiler.js > [22mMarkserv includer found in [34m[4m/Users/al/ms/markserv-cli/node_modules/markserv-contrib-app.github/partials/head.html[24m[39m ...",
},
{
 "datetime": "2017-02-13 20:41:20.753",
 "level": "[34mTRACE[39m",
 "message": "[2mcompiler.js > [22m[33m<-- markserv|less|github.less -->[39m",
},
{
 "datetime": "2017-02-13 20:41:20.753",
 "level": "[34mTRACE[39m",
 "message": "[2mcompiler.js > [22mCompiling template from HTML file: [34m[4m/Users/al/ms/markserv-cli/node_modules/markserv-contrib-app.github/partials/github.less[24m[39m",
},
{
 "datetime": "2017-02-13 20:41:20.753",
 "level": "[34mTRACE[39m",
 "message": "[2mfs.js > [22m[33mreadfile[39m helper reading file: [34m[4m/Users/al/ms/markserv-cli/node_modules/markserv-contrib-app.github/partials/github.less[24m[39m.",
},
{
 "datetime": "2017-02-13 20:41:20.755",
 "level": "[34mTRACE[39m",
 "message": "[2mcompiler.js > [22mMarkserv includer found in [34m[4m/Users/al/ms/markserv-cli/node_modules/markserv-contrib-app.github/partials/body.html[24m[39m ...",
},
{
 "datetime": "2017-02-13 20:41:20.755",
 "level": "[34mTRACE[39m",
 "message": "[2mcompiler.js > [22m[33m<-- markserv|{plugin-template} -->[39m",
},
{
 "datetime": "2017-02-13 20:41:20.758",
 "level": "[34mTRACE[39m",
 "message": "[2mcompiler.js > [22mMarkserv includer found in [34m[4m/Users/al/ms/markserv-cli/node_modules/markserv-contrib-app.github/partials/body.html[24m[39m ...",
},
{
 "datetime": "2017-02-13 20:41:20.758",
 "level": "[34mTRACE[39m",
 "message": "[2mcompiler.js > [22m[33m<-- markserv|html|foot.html -->[39m",
},
{
 "datetime": "2017-02-13 20:41:20.758",
 "level": "[34mTRACE[39m",
 "message": "[2mcompiler.js > [22mCompiling template from HTML file: [34m[4m/Users/al/ms/markserv-cli/node_modules/markserv-contrib-app.github/partials/foot.html[24m[39m",
},
{
 "datetime": "2017-02-13 20:41:20.759",
 "level": "[34mTRACE[39m",
 "message": "[2mfs.js > [22m[33mreadfile[39m helper reading file: [34m[4m/Users/al/ms/markserv-cli/node_modules/markserv-contrib-app.github/partials/foot.html[24m[39m.",
},
{
 "datetime": "2017-02-13 20:41:20.761",
 "level": "[34mTRACE[39m",
 "message": "[2mfs.js > [22m[33mreadfile[39m helper sucessfully read file: [34m[4m/Users/al/ms/markserv-cli/node_modules/markserv-contrib-app.github/partials/head.html[24m[39m.",
},
{
 "datetime": "2017-02-13 20:41:20.765",
 "level": "[34mTRACE[39m",
 "message": "[2mfs.js > [22m[33mreadfile[39m helper sucessfully read file: [34m[4m/Users/al/ms/markserv-cli/node_modules/markserv-contrib-app.github/partials/body.html[24m[39m.",
},
{
 "datetime": "2017-02-13 20:41:20.767",
 "level": "[34mTRACE[39m",
 "message": "[2mcompiler.js > [22mMarkserv includer found in [34m[4m/Users/al/ms/markserv-cli/node_modules/markserv-contrib-app.github/partials/head.html[24m[39m ...",
},
{
 "datetime": "2017-02-13 20:41:20.767",
 "level": "[34mTRACE[39m",
 "message": "[2mcompiler.js > [22m[33m<-- markserv|less|github.less -->[39m",
},
{
 "datetime": "2017-02-13 20:41:20.768",
 "level": "[34mTRACE[39m",
 "message": "[2mcompiler.js > [22mCompiling template from HTML file: [34m[4m/Users/al/ms/markserv-cli/node_modules/markserv-contrib-app.github/partials/github.less[24m[39m",
},
{
 "datetime": "2017-02-13 20:41:20.768",
 "level": "[34mTRACE[39m",
 "message": "[2mfs.js > [22m[33mreadfile[39m helper reading file: [34m[4m/Users/al/ms/markserv-cli/node_modules/markserv-contrib-app.github/partials/github.less[24m[39m.",
},
{
 "datetime": "2017-02-13 20:41:20.769",
 "level": "[34mTRACE[39m",
 "message": "[2mcompiler.js > [22mMarkserv includer found in [34m[4m/Users/al/ms/markserv-cli/node_modules/markserv-contrib-app.github/partials/body.html[24m[39m ...",
},
{
 "datetime": "2017-02-13 20:41:20.769",
 "level": "[34mTRACE[39m",
 "message": "[2mcompiler.js > [22m[33m<-- markserv|{plugin-template} -->[39m",
},
{
 "datetime": "2017-02-13 20:41:20.770",
 "level": "[34mTRACE[39m",
 "message": "[2mcompiler.js > [22mMarkserv includer found in [34m[4m/Users/al/ms/markserv-cli/node_modules/markserv-contrib-app.github/partials/body.html[24m[39m ...",
},
{
 "datetime": "2017-02-13 20:41:20.770",
 "level": "[34mTRACE[39m",
 "message": "[2mcompiler.js > [22m[33m<-- markserv|html|foot.html -->[39m",
},
{
 "datetime": "2017-02-13 20:41:20.770",
 "level": "[34mTRACE[39m",
 "message": "[2mcompiler.js > [22mCompiling template from HTML file: [34m[4m/Users/al/ms/markserv-cli/node_modules/markserv-contrib-app.github/partials/foot.html[24m[39m",
},
{
 "datetime": "2017-02-13 20:41:20.771",
 "level": "[34mTRACE[39m",
 "message": "[2mfs.js > [22m[33mreadfile[39m helper reading file: [34m[4m/Users/al/ms/markserv-cli/node_modules/markserv-contrib-app.github/partials/foot.html[24m[39m.",
},
{
 "datetime": "2017-02-13 20:41:20.773",
 "level": "[34mTRACE[39m",
 "message": "[2mfs.js > [22m[33mreadfile[39m helper sucessfully read file: [34m[4m/Users/al/ms/markserv-cli/node_modules/markserv-contrib-app.github/partials/github.less[24m[39m.",
},
{
 "datetime": "2017-02-13 20:41:20.773",
 "level": "[34mTRACE[39m",
 "message": "[2mfs.js > [22m[33mreadfile[39m helper sucessfully read file: [34m[4m/Users/al/ms/markserv-cli/node_modules/markserv-contrib-app.github/partials/foot.html[24m[39m.",
},
{
 "datetime": "2017-02-13 20:41:20.809",
 "level": "[34mTRACE[39m",
 "message": "[2mfs.js > [22m[33mreadfile[39m helper sucessfully read file: [34m[4m/Users/al/ms/markserv-cli/node_modules/markserv-contrib-app.github/partials/github.less[24m[39m.",
},
{
 "datetime": "2017-02-13 20:41:20.809",
 "level": "[34mTRACE[39m",
 "message": "[2mfs.js > [22m[33mreadfile[39m helper sucessfully read file: [34m[4m/Users/al/ms/markserv-cli/node_modules/markserv-contrib-app.github/partials/foot.html[24m[39m.",
},
{
 "datetime": "2017-02-13 20:41:20.908",
 "level": "[34mTRACE[39m",
 "message": "[2mmodifier.js > [22m[33mconfigTemplate[39m [34m[4m/Users/al/ms/markserv-cli/node_modules/markserv-contrib-app.github/partials/index.html[24m[39m compiled for [33mmarkserv-contrib-mod.markdown[39m",
},
{
 "datetime": "2017-02-13 20:41:20.908",
 "level": "[34mTRACE[39m",
 "message": "[2mmodifier.js > [22mTemplates loaded for: [33m**/*.md[39m",
},
{
 "datetime": "2017-02-13 20:41:20.908",
 "level": "[34mTRACE[39m",
 "message": "[2mmodifier.js > [22mInitializing plugin: [34m[4m/Users/al/ms/markserv-cli/node_modules/markserv-contrib-mod.markdown/lib[24m[39m [33m**/*.md[39m.",
},
{
 "datetime": "2017-02-13 20:41:20.944",
 "level": "[34mTRACE[39m",
 "message": "[2mmodifier.js > [22m[33mconfigTemplate[39m [34m[4m/Users/al/ms/markserv-cli/node_modules/markserv-contrib-app.github/partials/index.html[24m[39m compiled for [33mmarkserv-contrib-mod.dir[39m",
},
{
 "datetime": "2017-02-13 20:41:20.945",
 "level": "[34mTRACE[39m",
 "message": "[2mmodifier.js > [22mTemplates loaded for: [33m**/[39m",
},
{
 "datetime": "2017-02-13 20:41:20.945",
 "level": "[34mTRACE[39m",
 "message": "[2mmodifier.js > [22mInitializing plugin: [34m[4m/Users/al/ms/markserv-cli/node_modules/markserv-contrib-mod.dir/lib[24m[39m [33m**/[39m.",
},
{
 "datetime": "2017-02-13 20:41:20.946",
 "level": "[36mDEBUG[39m",
 "message": "[2mservice.js > [22mNo watches found in this Markconf.",
},
{
 "datetime": "2017-02-13 20:41:20.946",
 "level": "[34mTRACE[39m",
 "message": "[2mservice.js > [22mStarting HTTP Server.",
},
{
 "datetime": "2017-02-13 20:41:20.947",
 "level": "[34mTRACE[39m",
 "message": "[2mresolver.js > [22mSub-service successfully innitialized for [33mIMPORT[39m: [34m[4m/Users/al/ms/markserv-cli/node_modules/markserv-contrib-app.github/Markconf.js[24m[39m.",
},
{
 "datetime": "2017-02-13 20:41:20.947",
 "level": "[34mTRACE[39m",
 "message": "[2mresolver.js > [22mResolving plugins for Markconf [34m[4m/Users/al/ms/markserv-cli/Markconf.js[24m[39m.",
},
{
 "datetime": "2017-02-13 20:41:20.948",
 "level": "[33m WARN[39m",
 "message": "[2mresolver.js > [22mPlugins were not found in the Markconf file: [34m[4m/Users/al/ms/markserv-cli/Markconf.js[24m[39m.",
},
{
 "datetime": "2017-02-13 20:41:20.948",
 "level": "[34mTRACE[39m",
 "message": "[2mservice.js > [22mStarting The Markserv Service.",
},
{
 "datetime": "2017-02-13 20:41:20.949",
 "level": "[34mTRACE[39m",
 "message": "[2mservice.js > [22mMarkserv is configuring plugins....",
},
{
 "datetime": "2017-02-13 20:41:20.949",
 "level": "[34mTRACE[39m",
 "message": "[2mservice.js > [22mMarkserv is configuring plugins....",
},
{
 "datetime": "2017-02-13 20:41:20.964",
 "level": "[34mTRACE[39m",
 "message": "[2mservice.js > [22mStarting HTTP Server.",
},
{
 "datetime": "2017-02-13 20:41:20.983",
 "level": "[32m INFO[39m",
 "message": "Serving content from: [34m[4m/Users/al/ms/node-livereload[24m[39m",
},
{
 "datetime": "2017-02-13 20:41:20.983",
 "level": "[32m INFO[39m",
 "message": "Serving at address: [34m[4mhttp://localhost:8000[24m[39m",
},
{
 "datetime": "2017-02-13 20:41:20.983",
 "level": "[32m INFO[39m",
 "message": "Process Id: 99250",
},
{
 "datetime": "2017-02-13 20:41:20.983",
 "level": "[32m INFO[39m",
 "message": "To exit Markserv: press Ctrl + C twice.",
},
{
 "datetime": "2017-02-13 20:41:20.983",
 "level": "[32m INFO[39m",
 "message": "To kill Markserv: type "[sudo] kill [-9] 99250".",
},
{
 "datetime": "2017-02-13 20:41:20.984",
 "level": "[34mTRACE[39m",
 "message": "[2mservice.js > [22mMarkserv HTTP Server started successfully.",
},
{
 "datetime": "2017-02-13 20:41:22.876",
 "level": "[32m INFO[39m",
 "message": "Request: [34m[4m/Users/al/ms/node-livereload/[24m[39m",
},
{
 "datetime": "2017-02-13 20:41:22.883",
 "level": "[34mTRACE[39m",
 "message": "[2mmodifier.js > [22mGet template for modifier: [34m[4m/Users/al/ms/markserv-cli/node_modules/markserv-contrib-mod.dir/lib[24m[39m [33m**/[39m.",
},
{
 "datetime": "2017-02-13 20:41:22.913",
 "level": "[34mTRACE[39m",
 "message": "[2mcompiler.js > [22mCompiling template from HTML file: [34m[4m/Users/al/ms/node-livereload/[24m[39m",
},
{
 "datetime": "2017-02-13 20:41:22.924",
 "level": "[34mTRACE[39m",
 "message": "[2mrequests.js > [22m[32mResponse: [39m[33m**/: [39m[34m[4mhttp://localhost:8000/[24m[39m [33m200[39m",
},
{
 "datetime": "2017-02-13 20:41:24.694",
 "level": "[32m INFO[39m",
 "message": "Request: [34m[4m/Users/al/ms/node-livereload/README.md[24m[39m",
},
{
 "datetime": "2017-02-13 20:41:24.696",
 "level": "[34mTRACE[39m",
 "message": "[2mfs.js > [22m[33mreadfile[39m helper reading file: [34m[4m/Users/al/ms/node-livereload/README.md[24m[39m.",
},
{
 "datetime": "2017-02-13 20:41:24.697",
 "level": "[34mTRACE[39m",
 "message": "[2mfs.js > [22m[33mreadfile[39m helper sucessfully read file: [34m[4m/Users/al/ms/node-livereload/README.md[24m[39m.",
},
{
 "datetime": "2017-02-13 20:41:24.702",
 "level": "[34mTRACE[39m",
 "message": "[2mmodifier.js > [22mGet template for modifier: [34m[4m/Users/al/ms/markserv-cli/node_modules/markserv-contrib-mod.markdown/lib[24m[39m [33m**/*.md[39m.",
},
{
 "datetime": "2017-02-13 20:41:24.716",
 "level": "[34mTRACE[39m",
 "message": "[2mcompiler.js > [22mCompiling template from HTML file: [34m[4m/Users/al/ms/node-livereload/README.md[24m[39m",
},
{
 "datetime": "2017-02-13 20:41:24.728",
 "level": "[34mTRACE[39m",
 "message": "[2mrequests.js > [22m[32mResponse: [39m[33m**/*.md: [39m[34m[4mhttp://localhost:8000/README.md[24m[39m [33m200[39m",
},
{
 "datetime": "2017-02-13 20:41:38.609",
 "level": "[32m INFO[39m",
 "message": "Watch file change: [34m[4m/Users/al/ms/node-livereload/README.md[24m[39m matches: [33m**/*.md[39m",
},
{
 "datetime": "2017-02-13 20:41:38.626",
 "level": "[32m INFO[39m",
 "message": "Request: [34m[4m/Users/al/ms/node-livereload/README.md[24m[39m",
},
{
 "datetime": "2017-02-13 20:41:38.627",
 "level": "[34mTRACE[39m",
 "message": "[2mfs.js > [22m[33mreadfile[39m helper reading file: [34m[4m/Users/al/ms/node-livereload/README.md[24m[39m.",
},
{
 "datetime": "2017-02-13 20:41:38.627",
 "level": "[34mTRACE[39m",
 "message": "[2mfs.js > [22m[33mreadfile[39m helper sucessfully read file: [34m[4m/Users/al/ms/node-livereload/README.md[24m[39m.",
},
{
 "datetime": "2017-02-13 20:41:38.628",
 "level": "[34mTRACE[39m",
 "message": "[2mmodifier.js > [22mGet template for modifier: [34m[4m/Users/al/ms/markserv-cli/node_modules/markserv-contrib-mod.markdown/lib[24m[39m [33m**/*.md[39m.",
},
{
 "datetime": "2017-02-13 20:41:38.635",
 "level": "[34mTRACE[39m",
 "message": "[2mcompiler.js > [22mCompiling template from HTML file: [34m[4m/Users/al/ms/node-livereload/README.md[24m[39m",
},
{
 "datetime": "2017-02-13 20:41:38.647",
 "level": "[34mTRACE[39m",
 "message": "[2mrequests.js > [22m[32mResponse: [39m[33m**/*.md: [39m[34m[4mhttp://localhost:8000/README.md[24m[39m [33m200[39m",
},
{
 "datetime": "2017-02-13 20:41:49.320",
 "level": "[32m INFO[39m",
 "message": "Watch file change: [34m[4m/Users/al/ms/node-livereload/README.md[24m[39m matches: [33m**/*.md[39m",
},
{
 "datetime": "2017-02-13 20:41:49.339",
 "level": "[32m INFO[39m",
 "message": "Request: [34m[4m/Users/al/ms/node-livereload/README.md[24m[39m",
},
{
 "datetime": "2017-02-13 20:41:49.339",
 "level": "[34mTRACE[39m",
 "message": "[2mfs.js > [22m[33mreadfile[39m helper reading file: [34m[4m/Users/al/ms/node-livereload/README.md[24m[39m.",
},
{
 "datetime": "2017-02-13 20:41:49.340",
 "level": "[34mTRACE[39m",
 "message": "[2mfs.js > [22m[33mreadfile[39m helper sucessfully read file: [34m[4m/Users/al/ms/node-livereload/README.md[24m[39m.",
},
{
 "datetime": "2017-02-13 20:41:49.341",
 "level": "[34mTRACE[39m",
 "message": "[2mmodifier.js > [22mGet template for modifier: [34m[4m/Users/al/ms/markserv-cli/node_modules/markserv-contrib-mod.markdown/lib[24m[39m [33m**/*.md[39m.",
},
{
 "datetime": "2017-02-13 20:41:49.350",
 "level": "[34mTRACE[39m",
 "message": "[2mcompiler.js > [22mCompiling template from HTML file: [34m[4m/Users/al/ms/node-livereload/README.md[24m[39m",
},
{
 "datetime": "2017-02-13 20:41:49.357",
 "level": "[34mTRACE[39m",
 "message": "[2mrequests.js > [22m[32mResponse: [39m[33m**/*.md: [39m[34m[4mhttp://localhost:8000/README.md[24m[39m [33m200[39m",
},
{
 "datetime": "2017-02-13 20:41:50.322",
 "level": "[32m INFO[39m",
 "message": "Watch file change: [34m[4m/Users/al/ms/node-livereload/README.md[24m[39m matches: [33m**/*.md[39m",
},
{
 "datetime": "2017-02-13 20:41:50.340",
 "level": "[32m INFO[39m",
 "message": "Request: [34m[4m/Users/al/ms/node-livereload/README.md[24m[39m",
},
{
 "datetime": "2017-02-13 20:41:50.341",
 "level": "[34mTRACE[39m",
 "message": "[2mfs.js > [22m[33mreadfile[39m helper reading file: [34m[4m/Users/al/ms/node-livereload/README.md[24m[39m.",
},
{
 "datetime": "2017-02-13 20:41:50.342",
 "level": "[34mTRACE[39m",
 "message": "[2mfs.js > [22m[33mreadfile[39m helper sucessfully read file: [34m[4m/Users/al/ms/node-livereload/README.md[24m[39m.",
},
{
 "datetime": "2017-02-13 20:41:50.342",
 "level": "[34mTRACE[39m",
 "message": "[2mmodifier.js > [22mGet template for modifier: [34m[4m/Users/al/ms/markserv-cli/node_modules/markserv-contrib-mod.markdown/lib[24m[39m [33m**/*.md[39m.",
},
{
 "datetime": "2017-02-13 20:41:50.350",
 "level": "[34mTRACE[39m",
 "message": "[2mcompiler.js > [22mCompiling template from HTML file: [34m[4m/Users/al/ms/node-livereload/README.md[24m[39m",
},
{
 "datetime": "2017-02-13 20:41:50.362",
 "level": "[34mTRACE[39m",
 "message": "[2mrequests.js > [22m[32mResponse: [39m[33m**/*.md: [39m[34m[4mhttp://localhost:8000/README.md[24m[39m [33m200[39m",
},
{
 "datetime": "2017-02-13 20:41:53.448",
 "level": "[32m INFO[39m",
 "message": "Watch file change: [34m[4m/Users/al/ms/node-livereload/README.md[24m[39m matches: [33m**/*.md[39m",
},
{
 "datetime": "2017-02-13 20:41:53.464",
 "level": "[32m INFO[39m",
 "message": "Request: [34m[4m/Users/al/ms/node-livereload/README.md[24m[39m",
},
{
 "datetime": "2017-02-13 20:41:53.465",
 "level": "[34mTRACE[39m",
 "message": "[2mfs.js > [22m[33mreadfile[39m helper reading file: [34m[4m/Users/al/ms/node-livereload/README.md[24m[39m.",
},
{
 "datetime": "2017-02-13 20:41:53.465",
 "level": "[34mTRACE[39m",
 "message": "[2mfs.js > [22m[33mreadfile[39m helper sucessfully read file: [34m[4m/Users/al/ms/node-livereload/README.md[24m[39m.",
},
{
 "datetime": "2017-02-13 20:41:53.466",
 "level": "[34mTRACE[39m",
 "message": "[2mmodifier.js > [22mGet template for modifier: [34m[4m/Users/al/ms/markserv-cli/node_modules/markserv-contrib-mod.markdown/lib[24m[39m [33m**/*.md[39m.",
},
{
 "datetime": "2017-02-13 20:41:53.477",
 "level": "[34mTRACE[39m",
 "message": "[2mcompiler.js > [22mCompiling template from HTML file: [34m[4m/Users/al/ms/node-livereload/README.md[24m[39m",
},
{
 "datetime": "2017-02-13 20:41:53.487",
 "level": "[34mTRACE[39m",
 "message": "[2mrequests.js > [22m[32mResponse: [39m[33m**/*.md: [39m[34m[4mhttp://localhost:8000/README.md[24m[39m [33m200[39m",
},
{
 "datetime": "2017-02-13 20:41:54.671",
 "level": "[32m INFO[39m",
 "message": "Watch file change: [34m[4m/Users/al/ms/node-livereload/README.md[24m[39m matches: [33m**/*.md[39m",
},
{
 "datetime": "2017-02-13 20:41:54.707",
 "level": "[32m INFO[39m",
 "message": "Request: [34m[4m/Users/al/ms/node-livereload/README.md[24m[39m",
},
{
 "datetime": "2017-02-13 20:41:54.707",
 "level": "[34mTRACE[39m",
 "message": "[2mfs.js > [22m[33mreadfile[39m helper reading file: [34m[4m/Users/al/ms/node-livereload/README.md[24m[39m.",
},
{
 "datetime": "2017-02-13 20:41:54.715",
 "level": "[34mTRACE[39m",
 "message": "[2mfs.js > [22m[33mreadfile[39m helper sucessfully read file: [34m[4m/Users/al/ms/node-livereload/README.md[24m[39m.",
},
{
 "datetime": "2017-02-13 20:41:54.717",
 "level": "[34mTRACE[39m",
 "message": "[2mmodifier.js > [22mGet template for modifier: [34m[4m/Users/al/ms/markserv-cli/node_modules/markserv-contrib-mod.markdown/lib[24m[39m [33m**/*.md[39m.",
},
{
 "datetime": "2017-02-13 20:41:54.728",
 "level": "[34mTRACE[39m",
 "message": "[2mcompiler.js > [22mCompiling template from HTML file: [34m[4m/Users/al/ms/node-livereload/README.md[24m[39m",
},
{
 "datetime": "2017-02-13 20:41:54.740",
 "level": "[34mTRACE[39m",
 "message": "[2mrequests.js > [22m[32mResponse: [39m[33m**/*.md: [39m[34m[4mhttp://localhost:8000/README.md[24m[39m [33m200[39m",
},
{
 "datetime": "2017-02-13 20:41:56.847",
 "level": "[32m INFO[39m",
 "message": "Watch file change: [34m[4m/Users/al/ms/node-livereload/README.md[24m[39m matches: [33m**/*.md[39m",
},
{
 "datetime": "2017-02-13 20:41:56.866",
 "level": "[32m INFO[39m",
 "message": "Request: [34m[4m/Users/al/ms/node-livereload/README.md[24m[39m",
},
{
 "datetime": "2017-02-13 20:41:56.867",
 "level": "[34mTRACE[39m",
 "message": "[2mfs.js > [22m[33mreadfile[39m helper reading file: [34m[4m/Users/al/ms/node-livereload/README.md[24m[39m.",
},
{
 "datetime": "2017-02-13 20:41:56.867",
 "level": "[34mTRACE[39m",
 "message": "[2mfs.js > [22m[33mreadfile[39m helper sucessfully read file: [34m[4m/Users/al/ms/node-livereload/README.md[24m[39m.",
},
{
 "datetime": "2017-02-13 20:41:56.868",
 "level": "[34mTRACE[39m",
 "message": "[2mmodifier.js > [22mGet template for modifier: [34m[4m/Users/al/ms/markserv-cli/node_modules/markserv-contrib-mod.markdown/lib[24m[39m [33m**/*.md[39m.",
},
{
 "datetime": "2017-02-13 20:41:56.886",
 "level": "[34mTRACE[39m",
 "message": "[2mcompiler.js > [22mCompiling template from HTML file: [34m[4m/Users/al/ms/node-livereload/README.md[24m[39m",
},
{
 "datetime": "2017-02-13 20:41:56.898",
 "level": "[34mTRACE[39m",
 "message": "[2mrequests.js > [22m[32mResponse: [39m[33m**/*.md: [39m[34m[4mhttp://localhost:8000/README.md[24m[39m [33m200[39m",
},
{
 "datetime": "2017-02-13 20:42:04.396",
 "level": "[32m INFO[39m",
 "message": "Watch file change: [34m[4m/Users/al/ms/node-livereload/README.md[24m[39m matches: [33m**/*.md[39m",
},
{
 "datetime": "2017-02-13 20:42:04.431",
 "level": "[32m INFO[39m",
 "message": "Request: [34m[4m/Users/al/ms/node-livereload/README.md[24m[39m",
},
{
 "datetime": "2017-02-13 20:42:04.432",
 "level": "[34mTRACE[39m",
 "message": "[2mfs.js > [22m[33mreadfile[39m helper reading file: [34m[4m/Users/al/ms/node-livereload/README.md[24m[39m.",
},
{
 "datetime": "2017-02-13 20:42:04.433",
 "level": "[34mTRACE[39m",
 "message": "[2mfs.js > [22m[33mreadfile[39m helper sucessfully read file: [34m[4m/Users/al/ms/node-livereload/README.md[24m[39m.",
},
{
 "datetime": "2017-02-13 20:42:04.434",
 "level": "[34mTRACE[39m",
 "message": "[2mmodifier.js > [22mGet template for modifier: [34m[4m/Users/al/ms/markserv-cli/node_modules/markserv-contrib-mod.markdown/lib[24m[39m [33m**/*.md[39m.",
},
{
 "datetime": "2017-02-13 20:42:04.460",
 "level": "[34mTRACE[39m",
 "message": "[2mcompiler.js > [22mCompiling template from HTML file: [34m[4m/Users/al/ms/node-livereload/README.md[24m[39m",
},
{
 "datetime": "2017-02-13 20:42:04.475",
 "level": "[34mTRACE[39m",
 "message": "[2mrequests.js > [22m[32mResponse: [39m[33m**/*.md: [39m[34m[4mhttp://localhost:8000/README.md[24m[39m [33m200[39m",
},
{
 "datetime": "2017-02-13 20:42:13.422",
 "level": "[32m INFO[39m",
 "message": "Press Ctrl + C again to exit Markserv.",
},
{
 "datetime": "2017-02-13 20:42:13.989",
 "level": "[32m INFO[39m",
 "message": "Exiting Markserv...",
},
